<?xml version="1.0" encoding="UTF-8"?>
<!-- Generated by org.testng.reporters.JUnitXMLReporter -->
<testsuite ignored="1" hostname="DESKTOP-CJN9AFV" failures="0" tests="1" name="Default test" time="0.235" errors="0" timestamp="2025-08-24T09:46:37 IST">
  <testcase classname="ex_05_TestNGExamples.parallel.class_level_cross_browser_Testing.ChromeTest" name="test_chrome_2" time="0.105"/>
  <testcase classname="ex_05_TestNGExamples.parallel.class_level_cross_browser_Testing.ChromeTest" name="test_chrome_1" time="0.0">
    <ignored/>
  </testcase> <!-- test_chrome_1 -->
</testsuite> <!-- Default test -->
