<?xml version="1.0" encoding="UTF-8"?>
<!-- Generated by org.testng.reporters.JUnitXMLReporter -->
<testsuite ignored="0" hostname="DESKTOP-CJN9AFV" failures="0" tests="6" name="Default test" time="13.814" errors="0" timestamp="2025-08-24T20:13:57 IST">
  <testcase classname="ex_00_Task.Lab_8August.Restful_Booker_Common_HTTP_Methods_E2E_1" name="createAuthToken" time="5.348"/>
  <testcase classname="ex_00_Task.Lab_8August.Restful_Booker_Common_HTTP_Methods_E2E_1" name="createBooking" time="1.38"/>
  <testcase classname="ex_00_Task.Lab_8August.Restful_Booker_Common_HTTP_Methods_E2E_1" name="updateBookingById" time="1.641"/>
  <testcase classname="ex_00_Task.Lab_8August.Restful_Booker_Common_HTTP_Methods_E2E_1" name="getBookingById" time="1.511"/>
  <testcase classname="ex_00_Task.Lab_8August.Restful_Booker_Common_HTTP_Methods_E2E_1" name="partialUpdateBooking" time="2.239"/>
  <testcase classname="ex_00_Task.Lab_8August.Restful_Booker_Common_HTTP_Methods_E2E_1" name="deleteBookingById" time="1.505"/>
</testsuite> <!-- Default test -->
