<?xml version="1.0" encoding="UTF-8"?>
<testng-results ignored="0" total="6" passed="6" failed="0" skipped="0">
  <reporter-output>
  </reporter-output>
  <suite started-at="2025-08-24T20:13:43 IST" name="Default suite" finished-at="2025-08-24T20:13:57 IST" duration-ms="13814">
    <groups>
    </groups>
    <test started-at="2025-08-24T20:13:43 IST" name="Default test" finished-at="2025-08-24T20:13:57 IST" duration-ms="13814">
      <class name="ex_00_Task.Lab_8August.Restful_Booker_Common_HTTP_Methods_E2E_1">
        <test-method signature="createAuthToken()[pri:1, instance:ex_00_Task.Lab_8August.Restful_Booker_Common_HTTP_Methods_E2E_1@61544ae6]" started-at="2025-08-24T20:13:44 IST" name="createAuthToken" finished-at="2025-08-24T20:13:49 IST" duration-ms="5348" status="PASS">
          <reporter-output>
          </reporter-output>
        </test-method> <!-- createAuthToken -->
        <test-method signature="createBooking()[pri:1, instance:ex_00_Task.Lab_8August.Restful_Booker_Common_HTTP_Methods_E2E_1@61544ae6]" started-at="2025-08-24T20:13:49 IST" name="createBooking" finished-at="2025-08-24T20:13:50 IST" duration-ms="1380" status="PASS">
          <reporter-output>
          </reporter-output>
        </test-method> <!-- createBooking -->
        <test-method signature="updateBookingById()[pri:2, instance:ex_00_Task.Lab_8August.Restful_Booker_Common_HTTP_Methods_E2E_1@61544ae6]" started-at="2025-08-24T20:13:50 IST" name="updateBookingById" finished-at="2025-08-24T20:13:52 IST" duration-ms="1641" status="PASS">
          <reporter-output>
          </reporter-output>
        </test-method> <!-- updateBookingById -->
        <test-method signature="getBookingById()[pri:3, instance:ex_00_Task.Lab_8August.Restful_Booker_Common_HTTP_Methods_E2E_1@61544ae6]" started-at="2025-08-24T20:13:52 IST" name="getBookingById" finished-at="2025-08-24T20:13:54 IST" duration-ms="1511" status="PASS">
          <reporter-output>
          </reporter-output>
        </test-method> <!-- getBookingById -->
        <test-method signature="partialUpdateBooking()[pri:3, instance:ex_00_Task.Lab_8August.Restful_Booker_Common_HTTP_Methods_E2E_1@61544ae6]" started-at="2025-08-24T20:13:54 IST" name="partialUpdateBooking" finished-at="2025-08-24T20:13:56 IST" duration-ms="2239" status="PASS">
          <reporter-output>
          </reporter-output>
        </test-method> <!-- partialUpdateBooking -->
        <test-method signature="deleteBookingById()[pri:4, instance:ex_00_Task.Lab_8August.Restful_Booker_Common_HTTP_Methods_E2E_1@61544ae6]" started-at="2025-08-24T20:13:56 IST" name="deleteBookingById" finished-at="2025-08-24T20:13:57 IST" duration-ms="1505" status="PASS">
          <reporter-output>
          </reporter-output>
        </test-method> <!-- deleteBookingById -->
      </class> <!-- ex_00_Task.Lab_8August.Restful_Booker_Common_HTTP_Methods_E2E_1 -->
    </test> <!-- Default test -->
  </suite> <!-- Default suite -->
</testng-results>
