<?xml version="1.0" encoding="UTF-8"?>
<testng-results ignored="0" total="1" passed="1" failed="0" skipped="0">
  <reporter-output>
  </reporter-output>
  <suite started-at="2025-08-23T13:38:17 IST" name="Suite" finished-at="2025-08-23T13:38:17 IST" duration-ms="246">
    <groups>
    </groups>
    <test started-at="2025-08-23T13:38:17 IST" name="Test" finished-at="2025-08-23T13:38:17 IST" duration-ms="246">
      <class name="ex_03_TestNG_AllureReoprt.TempTestNG">
        <test-method signature="test_mangesh()[pri:0, instance:ex_03_TestNG_AllureReoprt.TempTestNG@3abada5a]" started-at="2025-08-23T13:38:17 IST" name="test_mangesh" finished-at="2025-08-23T13:38:17 IST" duration-ms="95" status="PASS">
          <reporter-output>
          </reporter-output>
        </test-method> <!-- test_mangesh -->
      </class> <!-- ex_03_TestNG_AllureReoprt.TempTestNG -->
    </test> <!-- Test -->
  </suite> <!-- Suite -->
</testng-results>
